Starting audit...
[ERROR] D:\20186099_cspp-2\cspp2_assignments\cspp2 remexam\Wallet\Wallet\WalletTester.java:0: File does not end with a newline. [NewlineAtEndOfFile]
[ERROR] D:\20186099_cspp-2\cspp2_assignments\cspp2 remexam\Wallet\Wallet\WalletTester.java:2: Missing a Javadoc comment. [JavadocType]
[ERROR] D:\20186099_cspp-2\cspp2_assignments\cspp2 remexam\Wallet\Wallet\WalletTester.java:3:1: File contains tab characters (this is the first instance). [FileTabCharacter]
[ERROR] D:\20186099_cspp-2\cspp2_assignments\cspp2 remexam\Wallet\Wallet\WalletTester.java:3:9: Missing a Javadoc comment. [JavadocVariable]
[ERROR] D:\20186099_cspp-2\cspp2_assignments\cspp2 remexam\Wallet\Wallet\WalletTester.java:3:16: Variable 'balance' must be private and have accessor methods. [VisibilityModifier]
[ERROR] D:\20186099_cspp-2\cspp2_assignments\cspp2 remexam\Wallet\Wallet\WalletTester.java:4:9: Missing a Javadoc comment. [JavadocVariable]
[ERROR] D:\20186099_cspp-2\cspp2_assignments\cspp2 remexam\Wallet\Wallet\WalletTester.java:4:16: Variable 'name' must be private and have accessor methods. [VisibilityModifier]
[ERROR] D:\20186099_cspp-2\cspp2_assignments\cspp2 remexam\Wallet\Wallet\WalletTester.java:6:9: Missing a Javadoc comment. [JavadocMethod]
[ERROR] D:\20186099_cspp-2\cspp2_assignments\cspp2 remexam\Wallet\Wallet\WalletTester.java:6:9: Redundant 'public' modifier. [RedundantModifier]
[ERROR] D:\20186099_cspp-2\cspp2_assignments\cspp2 remexam\Wallet\Wallet\WalletTester.java:6:23: Parameter name should be final. [FinalParameters]
[ERROR] D:\20186099_cspp-2\cspp2_assignments\cspp2 remexam\Wallet\Wallet\WalletTester.java:6:30: 'name' hides a field. [HiddenField]
[ERROR] D:\20186099_cspp-2\cspp2_assignments\cspp2 remexam\Wallet\Wallet\WalletTester.java:6:36: Parameter balance should be final. [FinalParameters]
[ERROR] D:\20186099_cspp-2\cspp2_assignments\cspp2 remexam\Wallet\Wallet\WalletTester.java:6:43: 'balance' hides a field. [HiddenField]
[ERROR] D:\20186099_cspp-2\cspp2_assignments\cspp2 remexam\Wallet\Wallet\WalletTester.java:10:9: Missing a Javadoc comment. [JavadocMethod]
[ERROR] D:\20186099_cspp-2\cspp2_assignments\cspp2 remexam\Wallet\Wallet\WalletTester.java:13:9: Missing a Javadoc comment. [JavadocMethod]
[ERROR] D:\20186099_cspp-2\cspp2_assignments\cspp2 remexam\Wallet\Wallet\WalletTester.java:13:28: Parameter amount should be final. [FinalParameters]
[ERROR] D:\20186099_cspp-2\cspp2_assignments\cspp2 remexam\Wallet\Wallet\WalletTester.java:20:9: Missing a Javadoc comment. [JavadocMethod]
[ERROR] D:\20186099_cspp-2\cspp2_assignments\cspp2 remexam\Wallet\Wallet\WalletTester.java:20:27: Parameter amount should be final. [FinalParameters]
[ERROR] D:\20186099_cspp-2\cspp2_assignments\cspp2 remexam\Wallet\Wallet\WalletTester.java:22: 'if' construct must use '{}'s. [NeedBraces]
[ERROR] D:\20186099_cspp-2\cspp2_assignments\cspp2 remexam\Wallet\Wallet\WalletTester.java:25: Line is longer than 80 characters (found 101). [LineLength]
[ERROR] D:\20186099_cspp-2\cspp2_assignments\cspp2 remexam\Wallet\Wallet\WalletTester.java:32:9: Missing a Javadoc comment. [JavadocMethod]
[ERROR] D:\20186099_cspp-2\cspp2_assignments\cspp2 remexam\Wallet\Wallet\WalletTester.java:32:30: Parameter other should be final. [FinalParameters]
[ERROR] D:\20186099_cspp-2\cspp2_assignments\cspp2 remexam\Wallet\Wallet\WalletTester.java:32:44: Parameter amount should be final. [FinalParameters]
[ERROR] D:\20186099_cspp-2\cspp2_assignments\cspp2 remexam\Wallet\Wallet\WalletTester.java:36: 'else' construct must use '{}'s. [NeedBraces]
[ERROR] D:\20186099_cspp-2\cspp2_assignments\cspp2 remexam\Wallet\Wallet\WalletTester.java:41: Missing a Javadoc comment. [JavadocType]
[ERROR] D:\20186099_cspp-2\cspp2_assignments\cspp2 remexam\Wallet\Wallet\WalletTester.java:42:9: Missing a Javadoc comment. [JavadocVariable]
[ERROR] D:\20186099_cspp-2\cspp2_assignments\cspp2 remexam\Wallet\Wallet\WalletTester.java:42:16: Variable 'name' must be private and have accessor methods. [VisibilityModifier]
[ERROR] D:\20186099_cspp-2\cspp2_assignments\cspp2 remexam\Wallet\Wallet\WalletTester.java:43:16: Variable 'w' must be private and have accessor methods. [VisibilityModifier]
[ERROR] D:\20186099_cspp-2\cspp2_assignments\cspp2 remexam\Wallet\Wallet\WalletTester.java:43:17: Array brackets at illegal position. [ArrayTypeStyle]
[ERROR] D:\20186099_cspp-2\cspp2_assignments\cspp2 remexam\Wallet\Wallet\WalletTester.java:43:17: Missing a Javadoc comment. [JavadocVariable]
[ERROR] D:\20186099_cspp-2\cspp2_assignments\cspp2 remexam\Wallet\Wallet\WalletTester.java:44:9: Missing a Javadoc comment. [JavadocVariable]
[ERROR] D:\20186099_cspp-2\cspp2_assignments\cspp2 remexam\Wallet\Wallet\WalletTester.java:44:13: Variable 'c' must be private and have accessor methods. [VisibilityModifier]
[ERROR] D:\20186099_cspp-2\cspp2_assignments\cspp2 remexam\Wallet\Wallet\WalletTester.java:45:9: Missing a Javadoc comment. [JavadocMethod]
[ERROR] D:\20186099_cspp-2\cspp2_assignments\cspp2 remexam\Wallet\Wallet\WalletTester.java:45:14: Parameter n should be final. [FinalParameters]
[ERROR] D:\20186099_cspp-2\cspp2_assignments\cspp2 remexam\Wallet\Wallet\WalletTester.java:48:9: Missing a Javadoc comment. [JavadocMethod]
[ERROR] D:\20186099_cspp-2\cspp2_assignments\cspp2 remexam\Wallet\Wallet\WalletTester.java:48:31: Parameter wallet_name should be final. [FinalParameters]
[ERROR] D:\20186099_cspp-2\cspp2_assignments\cspp2 remexam\Wallet\Wallet\WalletTester.java:48:38: Name 'wallet_name' must match pattern '^[a-z][a-zA-Z0-9]*$'. [ParameterName]
[ERROR] D:\20186099_cspp-2\cspp2_assignments\cspp2 remexam\Wallet\Wallet\WalletTester.java:49:50: '1000.0' is a magic number. [MagicNumber]
[ERROR] D:\20186099_cspp-2\cspp2_assignments\cspp2 remexam\Wallet\Wallet\WalletTester.java:51: Line has trailing spaces. [RegexpSingleline]
[ERROR] D:\20186099_cspp-2\cspp2_assignments\cspp2 remexam\Wallet\Wallet\WalletTester.java:53: Missing a Javadoc comment. [JavadocType]
[ERROR] D:\20186099_cspp-2\cspp2_assignments\cspp2 remexam\Wallet\Wallet\WalletTester.java:53:1: Utility classes should not have a public or default constructor. [HideUtilityClassConstructor]
[ERROR] D:\20186099_cspp-2\cspp2_assignments\cspp2 remexam\Wallet\Wallet\WalletTester.java:54:9: Missing a Javadoc comment. [JavadocMethod]
[ERROR] D:\20186099_cspp-2\cspp2_assignments\cspp2 remexam\Wallet\Wallet\WalletTester.java:54:33: Parameter args should be final. [FinalParameters]
[ERROR] D:\20186099_cspp-2\cspp2_assignments\cspp2 remexam\Wallet\Wallet\WalletTester.java:54:44: Array brackets at illegal position. [ArrayTypeStyle]
[ERROR] D:\20186099_cspp-2\cspp2_assignments\cspp2 remexam\Wallet\Wallet\WalletTester.java:74: switch without "default" clause. [MissingSwitchDefault]
[ERROR] D:\20186099_cspp-2\cspp2_assignments\cspp2 remexam\Wallet\Wallet\WalletTester.java:77:43: Array brackets at illegal position. [ArrayTypeStyle]
[ERROR] D:\20186099_cspp-2\cspp2_assignments\cspp2 remexam\Wallet\Wallet\WalletTester.java:92: 'if' construct must use '{}'s. [NeedBraces]
[ERROR] D:\20186099_cspp-2\cspp2_assignments\cspp2 remexam\Wallet\Wallet\WalletTester.java:93: Line is longer than 80 characters (found 85). [LineLength]
[ERROR] D:\20186099_cspp-2\cspp2_assignments\cspp2 remexam\Wallet\Wallet\WalletTester.java:107:52: '=' is not preceded with whitespace. [WhitespaceAround]
[ERROR] D:\20186099_cspp-2\cspp2_assignments\cspp2 remexam\Wallet\Wallet\WalletTester.java:107:53: '=' is not followed by whitespace. [WhitespaceAround]
[ERROR] D:\20186099_cspp-2\cspp2_assignments\cspp2 remexam\Wallet\Wallet\WalletTester.java:110:52: '=' is not preceded with whitespace. [WhitespaceAround]
[ERROR] D:\20186099_cspp-2\cspp2_assignments\cspp2 remexam\Wallet\Wallet\WalletTester.java:110:53: '=' is not followed by whitespace. [WhitespaceAround]
[ERROR] D:\20186099_cspp-2\cspp2_assignments\cspp2 remexam\Wallet\Wallet\WalletTester.java:115:50: ',' is not followed by whitespace. [WhitespaceAfter]
[ERROR] D:\20186099_cspp-2\cspp2_assignments\cspp2 remexam\Wallet\Wallet\WalletTester.java:119: Line has trailing spaces. [RegexpSingleline]
[ERROR] D:\20186099_cspp-2\cspp2_assignments\cspp2 remexam\Wallet\Wallet\WalletTester.java:125: 'if' construct must use '{}'s. [NeedBraces]
[ERROR] D:\20186099_cspp-2\cspp2_assignments\cspp2 remexam\Wallet\Wallet\WalletTester.java:125:35: 'if' is not followed by whitespace. [WhitespaceAround]
[ERROR] D:\20186099_cspp-2\cspp2_assignments\cspp2 remexam\Wallet\Wallet\WalletTester.java:126: Line is longer than 80 characters (found 85). [LineLength]
[ERROR] D:\20186099_cspp-2\cspp2_assignments\cspp2 remexam\Wallet\Wallet\WalletTester.java:144: 'if' construct must use '{}'s. [NeedBraces]
[ERROR] D:\20186099_cspp-2\cspp2_assignments\cspp2 remexam\Wallet\Wallet\WalletTester.java:145: Line is longer than 80 characters (found 85). [LineLength]
[ERROR] D:\20186099_cspp-2\cspp2_assignments\cspp2 remexam\Wallet\Wallet\WalletTester.java:153: Line is longer than 80 characters (found 90). [LineLength]
[ERROR] D:\20186099_cspp-2\cspp2_assignments\cspp2 remexam\Wallet\Wallet\WalletTester.java:159: 'if' construct must use '{}'s. [NeedBraces]
[ERROR] D:\20186099_cspp-2\cspp2_assignments\cspp2 remexam\Wallet\Wallet\WalletTester.java:160: Line is longer than 80 characters (found 85). [LineLength]
Audit done.
Checkstyle ends with 62 errors.
